<?xml version="1.0" encoding="UTF-8"?>
<testsuite xmlns:xsi="http://www.w3.org/2001/XMLSchema-instance" xsi:noNamespaceSchemaLocation="https://maven.apache.org/surefire/maven-surefire-plugin/xsd/surefire-test-report-3.0.xsd" version="3.0" name="com.mycompany.proyectopruebas.Calculadora2Test" time="0.047" tests="10" errors="0" skipped="0" failures="0">
  <properties>
[...]
</properties>
  <testcase name="testEsPrimo" classname="com.mycompany.proyectopruebas.Calculadora2Test" time="0.021"/>
  <testcase name="testEsPar" classname="com.mycompany.proyectopruebas.Calculadora2Test" time="0.001"/>
  <testcase name="testSumar" classname="com.mycompany.proyectopruebas.Calculadora2Test" time="0.001"/>
  <testcase name="testInvertirCadena" classname="com.mycompany.proyectopruebas.Calculadora2Test" time="0.001"/>
  <testcase name="testSumar_negativo" classname="com.mycompany.proyectopruebas.Calculadora2Test" time="0.0"/>
  <testcase name="testMultiplicar" classname="com.mycompany.proyectopruebas.Calculadora2Test" time="0.0"/>
  <testcase name="testRestar_negativo" classname="com.mycompany.proyectopruebas.Calculadora2Test" time="0.0"/>
  <testcase name="testDividir" classname="com.mycompany.proyectopruebas.Calculadora2Test" time="0.001"/>
  <testcase name="testRestar" classname="com.mycompany.proyectopruebas.Calculadora2Test" time="0.0"/>
  <testcase name="testObtenerMaximo" classname="com.mycompany.proyectopruebas.Calculadora2Test" time="0.001"/>
</testsuite>